[2019-08-21 15:06] SQL错误：You have an error in your SQL syntax; check the manual that corresponds to your MySQL server version for the right syntax to use near 'desc' at line 1
[2019-08-21 15:06] SQL错误：You have an error in your SQL syntax; check the manual that corresponds to your MySQL server version for the right syntax to use near 'desc' at line 1
[2019-08-21 15:06] SQL错误：You have an error in your SQL syntax; check the manual that corresponds to your MySQL server version for the right syntax to use near 'desc' at line 1
[2019-08-21 15:06] SQL错误：You have an error in your SQL syntax; check the manual that corresponds to your MySQL server version for the right syntax to use near 'desc' at line 1
[2019-08-21 15:06] SQL错误：You have an error in your SQL syntax; check the manual that corresponds to your MySQL server version for the right syntax to use near 'desc' at line 1
[2019-08-21 15:06] SQL错误：You have an error in your SQL syntax; check the manual that corresponds to your MySQL server version for the right syntax to use near 'desc' at line 1
[2019-08-21 15:06] SQL错误：You have an error in your SQL syntax; check the manual that corresponds to your MySQL server version for the right syntax to use near 'desc' at line 1
[2019-08-21 15:06] SQL错误：You have an error in your SQL syntax; check the manual that corresponds to your MySQL server version for the right syntax to use near 'desc' at line 1
[2019-08-21 15:06] SQL错误：You have an error in your SQL syntax; check the manual that corresponds to your MySQL server version for the right syntax to use near 'desc' at line 1
[2019-08-21 15:06] SQL错误：You have an error in your SQL syntax; check the manual that corresponds to your MySQL server version for the right syntax to use near 'desc' at line 1
[2019-08-21 15:06] SQL错误：You have an error in your SQL syntax; check the manual that corresponds to your MySQL server version for the right syntax to use near 'desc' at line 1
[2019-08-21 15:06] SQL错误：You have an error in your SQL syntax; check the manual that corresponds to your MySQL server version for the right syntax to use near 'desc' at line 1
[2019-08-21 15:06] SQL错误：You have an error in your SQL syntax; check the manual that corresponds to your MySQL server version for the right syntax to use near 'desc' at line 1
[2019-08-21 15:06] SQL错误：You have an error in your SQL syntax; check the manual that corresponds to your MySQL server version for the right syntax to use near 'desc' at line 1
[2019-08-21 15:07] SQL错误：You have an error in your SQL syntax; check the manual that corresponds to your MySQL server version for the right syntax to use near 'desc' at line 1
[2019-08-21 15:07] SQL错误：You have an error in your SQL syntax; check the manual that corresponds to your MySQL server version for the right syntax to use near 'desc' at line 1
[2019-08-22 09:53] SQL错误：Unknown column 'admin' in 'where clause'
[2019-08-23 12:15] SQL错误：Unknown table 'book'
[2019-08-23 20:17] SQL错误：Unknown table 'book'
[2019-08-23 20:18] SQL错误：Unknown table 'book'
[2019-08-23 20:19] SQL错误：Unknown table 'book'
[2019-08-23 20:20] SQL错误：Unknown table 'book'
[2019-08-23 20:20] SQL错误：Unknown table 'book'
[2019-08-23 20:20] SQL错误：Unknown table 'book'
[2019-08-23 20:23] SQL错误：Unknown table 'book'
[2019-08-23 20:39] SQL错误：Unknown column 'admin.cateid' in 'on clause'
[2019-08-26 11:08] SQL错误：Unknown column 'flag' in 'where clause'
[2019-08-26 11:09] SQL错误：Unknown column 'flag' in 'where clause'
[2019-08-26 11:12] SQL错误：Unknown column 'flag' in 'where clause'
[2019-08-26 14:16] SQL错误：Unknown column 'thumb' in 'field list'
[2019-08-26 14:17] SQL错误：Unknown column 'thumb' in 'field list'
[2019-08-26 15:13] SQL错误：Unknown column 'admin' in 'field list'
[2019-08-26 15:26] SQL错误：Unknown column 'thumb' in 'field list'
[2019-08-26 16:37] SQL错误：Unknown column 'thumb' in 'field list'
[2019-08-26 16:49] SQL错误：Column count doesn't match value count at row 1
[2019-08-26 17:08] SQL错误：You have an error in your SQL syntax; check the manual that corresponds to your MySQL server version for the right syntax to use near 'BY book.id desc  LIMIT 0,5' at line 1
[2019-08-26 17:18] SQL错误：You have an error in your SQL syntax; check the manual that corresponds to your MySQL server version for the right syntax to use near '2' at line 1
[2019-08-27 15:17] SQL错误：Unknown column 'flag' in 'where clause'
[2019-08-27 15:17] SQL错误：Unknown column 'flag' in 'where clause'
[2019-08-27 15:20] SQL错误：Unknown column 'flag' in 'where clause'
[2019-08-27 15:21] SQL错误：Unknown column 'flag' in 'where clause'
[2019-08-27 15:37] SQL错误：You have an error in your SQL syntax; check the manual that corresponds to your MySQL server version for the right syntax to use near '' at line 1
[2019-08-27 17:20] SQL错误：You have an error in your SQL syntax; check the manual that corresponds to your MySQL server version for the right syntax to use near '['id']' at line 1
[2019-08-27 20:32] SQL错误：You have an error in your SQL syntax; check the manual that corresponds to your MySQL server version for the right syntax to use near 'WHERE name =' at line 1
[2019-08-27 20:33] SQL错误：You have an error in your SQL syntax; check the manual that corresponds to your MySQL server version for the right syntax to use near 'WHERE name =' at line 1
[2019-08-27 20:33] SQL错误：You have an error in your SQL syntax; check the manual that corresponds to your MySQL server version for the right syntax to use near 'WHERE name =' at line 1
[2019-08-27 20:39] SQL错误：You have an error in your SQL syntax; check the manual that corresponds to your MySQL server version for the right syntax to use near 'WHERE name = 小说网' at line 1
[2019-08-27 20:43] SQL错误：Unknown column 'webname' in 'where clause'
[2019-08-28 16:44] SQL错误：You have an error in your SQL syntax; check the manual that corresponds to your MySQL server version for the right syntax to use near '' at line 1
[2019-08-28 16:46] SQL错误：You have an error in your SQL syntax; check the manual that corresponds to your MySQL server version for the right syntax to use near '' at line 1
[2019-08-28 17:21] SQL错误：Unknown column 'Array' in 'where clause'
[2019-08-28 20:19] SQL错误：You have an error in your SQL syntax; check the manual that corresponds to your MySQL server version for the right syntax to use near '' at line 1
[2019-08-28 20:22] SQL错误：You have an error in your SQL syntax; check the manual that corresponds to your MySQL server version for the right syntax to use near '' at line 1
[2019-08-28 20:22] SQL错误：You have an error in your SQL syntax; check the manual that corresponds to your MySQL server version for the right syntax to use near '' at line 1
[2019-08-28 20:23] SQL错误：You have an error in your SQL syntax; check the manual that corresponds to your MySQL server version for the right syntax to use near '' at line 1
[2019-08-28 20:23] SQL错误：You have an error in your SQL syntax; check the manual that corresponds to your MySQL server version for the right syntax to use near '' at line 1
[2019-08-28 20:23] SQL错误：You have an error in your SQL syntax; check the manual that corresponds to your MySQL server version for the right syntax to use near '' at line 1
[2019-08-28 20:24] SQL错误：You have an error in your SQL syntax; check the manual that corresponds to your MySQL server version for the right syntax to use near '' at line 1
[2019-08-28 20:24] SQL错误：You have an error in your SQL syntax; check the manual that corresponds to your MySQL server version for the right syntax to use near '' at line 1
[2019-08-29 11:27] SQL错误：Unknown column 'u' in 'where clause'
[2019-08-29 11:31] SQL错误：Unknown column 'u' in 'where clause'
[2019-08-29 11:39] SQL错误：Unknown column 'u' in 'where clause'
[2019-08-29 11:39] SQL错误：Unknown column 'u' in 'where clause'
[2019-08-29 11:41] SQL错误：Unknown column 'u' in 'where clause'
[2019-08-29 11:42] SQL错误：Unknown column 'u' in 'where clause'
[2019-08-29 11:42] SQL错误：Unknown column 'u' in 'where clause'
[2019-08-29 12:21] SQL错误：Unknown column 'u' in 'where clause'
[2019-08-29 13:08] SQL错误：You have an error in your SQL syntax; check the manual that corresponds to your MySQL server version for the right syntax to use near '' at line 1
[2019-08-29 13:24] SQL错误：You have an error in your SQL syntax; check the manual that corresponds to your MySQL server version for the right syntax to use near '' at line 1
[2019-08-29 13:34] SQL错误：You have an error in your SQL syntax; check the manual that corresponds to your MySQL server version for the right syntax to use near '' at line 1
[2019-08-29 14:15] SQL错误：You have an error in your SQL syntax; check the manual that corresponds to your MySQL server version for the right syntax to use near '' at line 1
[2019-08-29 15:26] SQL错误：Column count doesn't match value count at row 1
[2019-08-29 15:26] SQL错误：Column count doesn't match value count at row 1
[2019-08-29 17:16] SQL错误：You have an error in your SQL syntax; check the manual that corresponds to your MySQL server version for the right syntax to use near 'ORDER BY id desc' at line 1
